Starting new worker id: 0 with log in 
Starting new worker id: 1 with log in 
Worker ready: AssetImportWorker0 0
Worker ready: AssetImportWorker1 1
[Worker1] Number of updated assets reloaded before import = 0
[Worker0] Number of updated assets reloaded before import = 0
[Worker1] Start importing Assets/Scenes/SampleScene.unity using Guid(8c9cfa26abfee488c85f1582747f6a02) Importer(815301076,1909f56bfc062723c751e8b465ee728b) 
[Worker0] Start importing Assets/New Shader Graph.shadergraph using Guid(aeafd3f0e3af645ec9cd3dc49d57259d) Importer(815301076,1909f56bfc062723c751e8b465ee728b) 
[Worker1]  -> (artifact id: '45c64f56949cd46b3679729231e1ce5d') in 0.006335 seconds 
[Worker0]  -> (artifact id: '5d7213e7dad0de1adbda5882d3c8fea9') in 0.043716 seconds 
Compiling shader "Shader Graphs/New Shader Graph" pass "Universal Forward" (vp)
    Full variant space:         12288
    After settings filtering:   4096
    After built-in stripping:   8
    After scriptable stripping: 8
    Processed in 0.02 seconds
    starting compilation...
    finished in 0.12 seconds. Local cache hits 0 (0.00s CPU time), remote cache hits 0 (0.00s CPU time), compiled 8 variants (0.81s CPU time), skipped 0 variants
Compiling shader "Shader Graphs/New Shader Graph" pass "Universal Forward" (fp)
    Full variant space:         12582912
    After settings filtering:   131072
    After built-in stripping:   256
    After scriptable stripping: 256
    Processed in 0.00 seconds
    starting compilation...
    finished in 45.98 seconds. Local cache hits 0 (0.00s CPU time), remote cache hits 0 (0.00s CPU time), compiled 256 variants (449.40s CPU time), skipped 0 variants
Compiling shader "Shader Graphs/New Shader Graph" pass "GBuffer" (vp)
    Full variant space:         4096
    After settings filtering:   2048
    After built-in stripping:   4
    After scriptable stripping: 4
    Processed in 0.00 seconds
    starting compilation...
    finished in 0.07 seconds. Local cache hits 0 (0.00s CPU time), remote cache hits 0 (0.00s CPU time), compiled 4 variants (0.26s CPU time), skipped 0 variants
Compiling shader "Shader Graphs/New Shader Graph" pass "GBuffer" (fp)
    Full variant space:         2097152
    After settings filtering:   65536
    After built-in stripping:   128
    After scriptable stripping: 128
    Processed in 0.00 seconds
    starting compilation...
    finished in 1.33 seconds. Local cache hits 0 (0.00s CPU time), remote cache hits 0 (0.00s CPU time), compiled 128 variants (12.68s CPU time), skipped 0 variants
Compiling shader "Shader Graphs/New Shader Graph" pass "ShadowCaster" (vp)
    Full variant space:         8
    After settings filtering:   8
    After built-in stripping:   2
    After scriptable stripping: 2
    Processed in 0.00 seconds
    starting compilation...
    finished in 0.05 seconds. Local cache hits 1 (0.00s CPU time), remote cache hits 0 (0.00s CPU time), compiled 1 variants (0.05s CPU time), skipped 0 variants
Compiling shader "Shader Graphs/New Shader Graph" pass "ShadowCaster" (fp)
    Full variant space:         4
    After settings filtering:   4
    After built-in stripping:   1
    After scriptable stripping: 1
    Processed in 0.00 seconds
    starting compilation...
    finished in 0.00 seconds. Local cache hits 1 (0.00s CPU time), remote cache hits 0 (0.00s CPU time), compiled 0 variants (0.00s CPU time), skipped 0 variants
Compiling shader "Shader Graphs/New Shader Graph" pass "DepthOnly" (vp)
    Full variant space:         4
    After settings filtering:   4
    After built-in stripping:   1
    After scriptable stripping: 1
    Processed in 0.00 seconds
    starting compilation...
    finished in 0.05 seconds. Local cache hits 0 (0.00s CPU time), remote cache hits 0 (0.00s CPU time), compiled 1 variants (0.05s CPU time), skipped 0 variants
Compiling shader "Shader Graphs/New Shader Graph" pass "DepthOnly" (fp)
    Full variant space:         4
    After settings filtering:   4
    After built-in stripping:   1
    After scriptable stripping: 1
    Processed in 0.00 seconds
    starting compilation...
    finished in 0.04 seconds. Local cache hits 0 (0.00s CPU time), remote cache hits 0 (0.00s CPU time), compiled 1 variants (0.04s CPU time), skipped 0 variants
Compiling shader "Shader Graphs/New Shader Graph" pass "DepthNormals" (vp)
    Full variant space:         4
    After settings filtering:   4
    After built-in stripping:   1
    After scriptable stripping: 1
    Processed in 0.00 seconds
    starting compilation...
    finished in 0.05 seconds. Local cache hits 0 (0.00s CPU time), remote cache hits 0 (0.00s CPU time), compiled 1 variants (0.05s CPU time), skipped 0 variants
Compiling shader "Shader Graphs/New Shader Graph" pass "DepthNormals" (fp)
    Full variant space:         4
    After settings filtering:   4
    After built-in stripping:   1
    After scriptable stripping: 1
    Processed in 0.00 seconds
    starting compilation...
    finished in 0.04 seconds. Local cache hits 0 (0.00s CPU time), remote cache hits 0 (0.00s CPU time), compiled 1 variants (0.04s CPU time), skipped 0 variants
Compiling shader "Shader Graphs/New Shader Graph" pass "Universal 2D" (vp)
    Full variant space:         1
    After settings filtering:   1
    After built-in stripping:   1
    After scriptable stripping: 1
    Processed in 0.00 seconds
    starting compilation...
    finished in 0.05 seconds. Local cache hits 0 (0.00s CPU time), remote cache hits 0 (0.00s CPU time), compiled 1 variants (0.05s CPU time), skipped 0 variants
Compiling shader "Shader Graphs/New Shader Graph" pass "Universal 2D" (fp)
    Full variant space:         1
    After settings filtering:   1
    After built-in stripping:   1
    After scriptable stripping: 1
    Processed in 0.00 seconds
    starting compilation...
    finished in 0.04 seconds. Local cache hits 0 (0.00s CPU time), remote cache hits 0 (0.00s CPU time), compiled 1 variants (0.04s CPU time), skipped 0 variants
